<?xml version="1.0" encoding="UTF-8"?>
<!-- Generated by org.testng.reporters.JUnitReportReporter -->
<testsuite hostname="DESKTOP-I2KKQLD" failures="0" tests="2" name="com.anil.automation.CalculatorTest" time="0.015" errors="0" timestamp="2022-06-09T12:53:29 EDT" skipped="0">
  <testcase classname="com.anil.automation.CalculatorTest" name="additionTest" time="0.012"/>
  <system-out/>
  <testcase classname="com.anil.automation.CalculatorTest" name="secondAddTest" time="0.003"/>
  <system-out/>
</testsuite> <!-- com.anil.automation.CalculatorTest -->
